{"/Users/okuni/WebstormProjects/okunishitaka.com/app/app_endpoints.js":{"path":"/Users/okuni/WebstormProjects/okunishitaka.com/app/app_endpoints.js","s":{"1":1,"2":1},"b":{},"f":{},"fnMap":{},"statementMap":{"1":{"start":{"line":10,"column":0},"end":{"line":10,"column":28}},"2":{"start":{"line":12,"column":0},"end":{"line":46,"column":7}}},"branchMap":{}},"/Users/okuni/WebstormProjects/okunishitaka.com/app/routes/index.js":{"path":"/Users/okuni/WebstormProjects/okunishitaka.com/app/routes/index.js","s":{"1":1,"2":5,"3":0,"4":2},"b":{},"f":{"1":5,"2":0,"3":2},"fnMap":{"1":{"name":"(anonymous_1)","line":13,"loc":{"start":{"line":13,"column":20},"end":{"line":13,"column":20}}},"2":{"name":"(anonymous_2)","line":14,"loc":{"start":{"line":14,"column":19},"end":{"line":14,"column":19}}},"3":{"name":"(anonymous_3)","line":15,"loc":{"start":{"line":15,"column":23},"end":{"line":15,"column":23}}}},"statementMap":{"1":{"start":{"line":12,"column":0},"end":{"line":16,"column":2}},"2":{"start":{"line":13,"column":22},"end":{"line":13,"column":53}},"3":{"start":{"line":14,"column":21},"end":{"line":14,"column":50}},"4":{"start":{"line":15,"column":25},"end":{"line":15,"column":59}}},"branchMap":{}},"/Users/okuni/WebstormProjects/okunishitaka.com/app/routes/blog_route.js":{"path":"/Users/okuni/WebstormProjects/okunishitaka.com/app/routes/blog_route.js","s":{"1":1,"2":1,"3":1,"4":0,"5":0,"6":1,"7":0,"8":0,"9":1,"10":0,"11":0,"12":1,"13":0,"14":0,"15":1,"16":0,"17":0},"b":{},"f":{"1":0,"2":0,"3":0,"4":0,"5":0},"fnMap":{"1":{"name":"one","line":22,"loc":{"start":{"line":22,"column":14},"end":{"line":22,"column":43}}},"2":{"name":"list","line":35,"loc":{"start":{"line":35,"column":15},"end":{"line":35,"column":45}}},"3":{"name":"create","line":49,"loc":{"start":{"line":49,"column":17},"end":{"line":49,"column":49}}},"4":{"name":"update","line":62,"loc":{"start":{"line":62,"column":17},"end":{"line":62,"column":49}}},"5":{"name":"destroy","line":75,"loc":{"start":{"line":75,"column":18},"end":{"line":75,"column":51}}}},"statementMap":{"1":{"start":{"line":8,"column":0},"end":{"line":11,"column":20}},"2":{"start":{"line":14,"column":0},"end":{"line":14,"column":30}},"3":{"start":{"line":22,"column":0},"end":{"line":35,"column":0}},"4":{"start":{"line":23,"column":4},"end":{"line":25,"column":7}},"5":{"start":{"line":26,"column":4},"end":{"line":26,"column":35}},"6":{"start":{"line":35,"column":0},"end":{"line":49,"column":0}},"7":{"start":{"line":36,"column":4},"end":{"line":38,"column":7}},"8":{"start":{"line":39,"column":4},"end":{"line":39,"column":35}},"9":{"start":{"line":49,"column":0},"end":{"line":62,"column":0}},"10":{"start":{"line":50,"column":4},"end":{"line":52,"column":7}},"11":{"start":{"line":53,"column":4},"end":{"line":53,"column":35}},"12":{"start":{"line":62,"column":0},"end":{"line":75,"column":0}},"13":{"start":{"line":63,"column":4},"end":{"line":65,"column":7}},"14":{"start":{"line":66,"column":4},"end":{"line":66,"column":35}},"15":{"start":{"line":75,"column":0},"end":{"line":81,"column":0}},"16":{"start":{"line":76,"column":4},"end":{"line":78,"column":7}},"17":{"start":{"line":79,"column":4},"end":{"line":79,"column":35}}},"branchMap":{}},"/Users/okuni/WebstormProjects/okunishitaka.com/app/routes/_helper.js":{"path":"/Users/okuni/WebstormProjects/okunishitaka.com/app/routes/_helper.js","s":{"1":1,"2":1,"3":1,"4":1,"5":1,"6":1,"7":1,"8":0,"9":0,"10":0,"11":0,"12":0,"13":1,"14":0,"15":1,"16":0,"17":1,"18":0,"19":0,"20":0,"21":0},"b":{"1":[0,0]},"f":{"1":0,"2":0,"3":0,"4":0,"5":0,"6":0,"7":0,"8":0},"fnMap":{"1":{"name":"(anonymous_1)","line":22,"loc":{"start":{"line":22,"column":19},"end":{"line":22,"column":53}}},"2":{"name":"(anonymous_2)","line":24,"loc":{"start":{"line":24,"column":8},"end":{"line":24,"column":28}}},"3":{"name":"(anonymous_3)","line":27,"loc":{"start":{"line":27,"column":8},"end":{"line":27,"column":36}}},"4":{"name":"(anonymous_4)","line":29,"loc":{"start":{"line":29,"column":56},"end":{"line":29,"column":73}}},"5":{"name":"(anonymous_5)","line":38,"loc":{"start":{"line":38,"column":22},"end":{"line":38,"column":38}}},"6":{"name":"(anonymous_6)","line":45,"loc":{"start":{"line":45,"column":20},"end":{"line":45,"column":36}}},"7":{"name":"(anonymous_7)","line":55,"loc":{"start":{"line":55,"column":15},"end":{"line":55,"column":31}}},"8":{"name":"(anonymous_8)","line":56,"loc":{"start":{"line":56,"column":11},"end":{"line":56,"column":26}}}},"statementMap":{"1":{"start":{"line":9,"column":0},"end":{"line":12,"column":42}},"2":{"start":{"line":15,"column":0},"end":{"line":15,"column":25}},"3":{"start":{"line":17,"column":0},"end":{"line":17,"column":28}},"4":{"start":{"line":18,"column":0},"end":{"line":18,"column":26}},"5":{"start":{"line":19,"column":0},"end":{"line":19,"column":22}},"6":{"start":{"line":21,"column":0},"end":{"line":21,"column":36}},"7":{"start":{"line":22,"column":0},"end":{"line":35,"column":2}},"8":{"start":{"line":23,"column":4},"end":{"line":34,"column":17}},"9":{"start":{"line":25,"column":12},"end":{"line":25,"column":44}},"10":{"start":{"line":28,"column":12},"end":{"line":31,"column":19}},"11":{"start":{"line":30,"column":20},"end":{"line":30,"column":42}},"12":{"start":{"line":32,"column":12},"end":{"line":32,"column":51}},"13":{"start":{"line":38,"column":0},"end":{"line":43,"column":2}},"14":{"start":{"line":39,"column":4},"end":{"line":43,"column":0}},"15":{"start":{"line":45,"column":0},"end":{"line":55,"column":0}},"16":{"start":{"line":46,"column":4},"end":{"line":50,"column":0}},"17":{"start":{"line":55,"column":0},"end":{"line":62,"column":2}},"18":{"start":{"line":56,"column":4},"end":{"line":62,"column":0}},"19":{"start":{"line":57,"column":8},"end":{"line":60,"column":9}},"20":{"start":{"line":58,"column":12},"end":{"line":58,"column":36}},"21":{"start":{"line":59,"column":12},"end":{"line":59,"column":22}}},"branchMap":{"1":{"line":57,"type":"if","locations":[{"start":{"line":57,"column":8},"end":{"line":57,"column":8}},{"start":{"line":57,"column":8},"end":{"line":57,"column":8}}]}}},"/Users/okuni/WebstormProjects/okunishitaka.com/app/schemas/index.js":{"path":"/Users/okuni/WebstormProjects/okunishitaka.com/app/schemas/index.js","s":{"1":1},"b":{},"f":{},"fnMap":{},"statementMap":{"1":{"start":{"line":1,"column":0},"end":{"line":1,"column":41}}},"branchMap":{}},"/Users/okuni/WebstormProjects/okunishitaka.com/app/schemas/schemas.js":{"path":"/Users/okuni/WebstormProjects/okunishitaka.com/app/schemas/schemas.js","s":{"1":1,"2":1,"3":1},"b":{},"f":{"1":1},"fnMap":{"1":{"name":"(anonymous_1)","line":12,"loc":{"start":{"line":12,"column":28},"end":{"line":12,"column":28}}}},"statementMap":{"1":{"start":{"line":8,"column":0},"end":{"line":9,"column":38}},"2":{"start":{"line":11,"column":0},"end":{"line":17,"column":0}},"3":{"start":{"line":13,"column":8},"end":{"line":13,"column":69}}},"branchMap":{}},"/Users/okuni/WebstormProjects/okunishitaka.com/app/app_storages.js":{"path":"/Users/okuni/WebstormProjects/okunishitaka.com/app/app_storages.js","s":{"1":1,"2":1,"3":1,"4":1,"5":0,"6":0,"7":0,"8":0,"9":0,"10":0,"11":0,"12":0,"13":0,"14":1,"15":0,"16":0,"17":0,"18":1},"b":{},"f":{"1":1,"2":0,"3":0,"4":0,"5":0,"6":0,"7":0},"fnMap":{"1":{"name":"AppStorages","line":23,"loc":{"start":{"line":23,"column":0},"end":{"line":23,"column":23}}},"2":{"name":"(anonymous_2)","line":32,"loc":{"start":{"line":32,"column":16},"end":{"line":32,"column":36}}},"3":{"name":"(anonymous_3)","line":43,"loc":{"start":{"line":43,"column":13},"end":{"line":43,"column":42}}},"4":{"name":"(anonymous_4)","line":46,"loc":{"start":{"line":46,"column":12},"end":{"line":46,"column":32}}},"5":{"name":"(anonymous_5)","line":49,"loc":{"start":{"line":49,"column":12},"end":{"line":49,"column":32}}},"6":{"name":"(anonymous_6)","line":57,"loc":{"start":{"line":57,"column":12},"end":{"line":57,"column":32}}},"7":{"name":"(anonymous_7)","line":73,"loc":{"start":{"line":73,"column":25},"end":{"line":73,"column":66}}}},"statementMap":{"1":{"start":{"line":10,"column":0},"end":{"line":15,"column":38}},"2":{"start":{"line":23,"column":0},"end":{"line":25,"column":1}},"3":{"start":{"line":24,"column":4},"end":{"line":24,"column":17}},"4":{"start":{"line":27,"column":0},"end":{"line":73,"column":0}},"5":{"start":{"line":33,"column":8},"end":{"line":33,"column":21}},"6":{"start":{"line":34,"column":8},"end":{"line":36,"column":21}},"7":{"start":{"line":44,"column":8},"end":{"line":44,"column":21}},"8":{"start":{"line":45,"column":8},"end":{"line":61,"column":21}},"9":{"start":{"line":47,"column":16},"end":{"line":47,"column":42}},"10":{"start":{"line":50,"column":16},"end":{"line":50,"column":79}},"11":{"start":{"line":51,"column":16},"end":{"line":53,"column":19}},"12":{"start":{"line":55,"column":16},"end":{"line":55,"column":31}},"13":{"start":{"line":58,"column":16},"end":{"line":58,"column":39}},"14":{"start":{"line":73,"column":0},"end":{"line":83,"column":0}},"15":{"start":{"line":74,"column":4},"end":{"line":74,"column":52}},"16":{"start":{"line":75,"column":4},"end":{"line":75,"column":25}},"17":{"start":{"line":76,"column":4},"end":{"line":79,"column":7}},"18":{"start":{"line":83,"column":0},"end":{"line":83,"column":35}}},"branchMap":{}},"/Users/okuni/WebstormProjects/okunishitaka.com/app/codes/index.js":{"path":"/Users/okuni/WebstormProjects/okunishitaka.com/app/codes/index.js","s":{"1":1,"2":0,"3":0},"b":{},"f":{"1":0,"2":0},"fnMap":{"1":{"name":"(anonymous_1)","line":9,"loc":{"start":{"line":9,"column":24},"end":{"line":9,"column":24}}},"2":{"name":"(anonymous_2)","line":10,"loc":{"start":{"line":10,"column":26},"end":{"line":10,"column":26}}}},"statementMap":{"1":{"start":{"line":8,"column":0},"end":{"line":11,"column":2}},"2":{"start":{"line":9,"column":26},"end":{"line":9,"column":62}},"3":{"start":{"line":10,"column":28},"end":{"line":10,"column":66}}},"branchMap":{}},"/Users/okuni/WebstormProjects/okunishitaka.com/app/routes/handlers/rest/index.js":{"path":"/Users/okuni/WebstormProjects/okunishitaka.com/app/routes/handlers/rest/index.js","s":{"1":1,"2":0,"3":0,"4":0,"5":0,"6":0,"7":0,"8":0},"b":{},"f":{"1":0,"2":0,"3":0,"4":0,"5":0,"6":0,"7":0},"fnMap":{"1":{"name":"(anonymous_1)","line":17,"loc":{"start":{"line":17,"column":28},"end":{"line":17,"column":28}}},"2":{"name":"(anonymous_2)","line":18,"loc":{"start":{"line":18,"column":29},"end":{"line":18,"column":29}}},"3":{"name":"(anonymous_3)","line":19,"loc":{"start":{"line":19,"column":26},"end":{"line":19,"column":26}}},"4":{"name":"(anonymous_4)","line":20,"loc":{"start":{"line":20,"column":25},"end":{"line":20,"column":25}}},"5":{"name":"(anonymous_5)","line":21,"loc":{"start":{"line":21,"column":22},"end":{"line":21,"column":22}}},"6":{"name":"(anonymous_6)","line":22,"loc":{"start":{"line":22,"column":31},"end":{"line":22,"column":31}}},"7":{"name":"(anonymous_7)","line":23,"loc":{"start":{"line":23,"column":28},"end":{"line":23,"column":28}}}},"statementMap":{"1":{"start":{"line":16,"column":0},"end":{"line":24,"column":2}},"2":{"start":{"line":17,"column":30},"end":{"line":17,"column":70}},"3":{"start":{"line":18,"column":31},"end":{"line":18,"column":72}},"4":{"start":{"line":19,"column":28},"end":{"line":19,"column":66}},"5":{"start":{"line":20,"column":27},"end":{"line":20,"column":64}},"6":{"start":{"line":21,"column":24},"end":{"line":21,"column":57}},"7":{"start":{"line":22,"column":33},"end":{"line":22,"column":76}},"8":{"start":{"line":23,"column":30},"end":{"line":23,"column":70}}},"branchMap":{}},"/Users/okuni/WebstormProjects/okunishitaka.com/app/routes/setting_route.js":{"path":"/Users/okuni/WebstormProjects/okunishitaka.com/app/routes/setting_route.js","s":{"1":1,"2":1,"3":1,"4":0,"5":0,"6":1,"7":0,"8":0},"b":{},"f":{"1":0,"2":0},"fnMap":{"1":{"name":"(anonymous_1)","line":22,"loc":{"start":{"line":22,"column":14},"end":{"line":22,"column":40}}},"2":{"name":"(anonymous_2)","line":36,"loc":{"start":{"line":36,"column":15},"end":{"line":36,"column":41}}}},"statementMap":{"1":{"start":{"line":8,"column":0},"end":{"line":12,"column":38}},"2":{"start":{"line":14,"column":0},"end":{"line":14,"column":31}},"3":{"start":{"line":22,"column":0},"end":{"line":36,"column":0}},"4":{"start":{"line":23,"column":4},"end":{"line":26,"column":7}},"5":{"start":{"line":27,"column":4},"end":{"line":27,"column":32}},"6":{"start":{"line":36,"column":0},"end":{"line":44,"column":0}},"7":{"start":{"line":37,"column":4},"end":{"line":41,"column":7}},"8":{"start":{"line":42,"column":4},"end":{"line":42,"column":33}}},"branchMap":{}},"/Users/okuni/WebstormProjects/okunishitaka.com/app/codes/app_error_codes.js":{"path":"/Users/okuni/WebstormProjects/okunishitaka.com/app/codes/app_error_codes.js","s":{"1":1},"b":{},"f":{},"fnMap":{},"statementMap":{"1":{"start":{"line":16,"column":0},"end":{"line":25,"column":2}}},"branchMap":{}},"/Users/okuni/WebstormProjects/okunishitaka.com/app/app_settings.js":{"path":"/Users/okuni/WebstormProjects/okunishitaka.com/app/app_settings.js","s":{"1":1,"2":1,"3":1,"4":1,"5":1,"6":1,"7":1,"8":1,"9":1,"10":1},"b":{},"f":{},"fnMap":{},"statementMap":{"1":{"start":{"line":8,"column":0},"end":{"line":9,"column":23}},"2":{"start":{"line":12,"column":0},"end":{"line":12,"column":25}},"3":{"start":{"line":18,"column":0},"end":{"line":18,"column":48}},"4":{"start":{"line":24,"column":0},"end":{"line":24,"column":60}},"5":{"start":{"line":30,"column":0},"end":{"line":30,"column":60}},"6":{"start":{"line":37,"column":0},"end":{"line":37,"column":62}},"7":{"start":{"line":43,"column":0},"end":{"line":43,"column":72}},"8":{"start":{"line":49,"column":0},"end":{"line":49,"column":93}},"9":{"start":{"line":55,"column":0},"end":{"line":55,"column":91}},"10":{"start":{"line":61,"column":0},"end":{"line":61,"column":38}}},"branchMap":{}},"/Users/okuni/WebstormProjects/okunishitaka.com/app/app.js":{"path":"/Users/okuni/WebstormProjects/okunishitaka.com/app/app.js","s":{"1":1,"2":1,"3":1,"4":1,"5":1,"6":1,"7":1,"8":1,"9":1,"10":0,"11":0,"12":0,"13":0,"14":0,"15":0,"16":1,"17":1,"18":1,"19":0,"20":1,"21":1,"22":0,"23":0,"24":1,"25":0,"26":1,"27":1,"28":1,"29":1,"30":1,"31":1},"b":{"1":[1,0],"2":[0,1],"3":[1,1]},"f":{"1":1,"2":1,"3":1,"4":1,"5":0,"6":0,"7":0,"8":0,"9":1,"10":1,"11":0,"12":0,"13":1,"14":1},"fnMap":{"1":{"name":"(anonymous_1)","line":30,"loc":{"start":{"line":30,"column":12},"end":{"line":30,"column":48}}},"2":{"name":"(anonymous_2)","line":36,"loc":{"start":{"line":36,"column":8},"end":{"line":36,"column":28}}},"3":{"name":"(anonymous_3)","line":39,"loc":{"start":{"line":39,"column":8},"end":{"line":39,"column":28}}},"4":{"name":"(anonymous_4)","line":42,"loc":{"start":{"line":42,"column":8},"end":{"line":42,"column":28}}},"5":{"name":"(anonymous_5)","line":44,"loc":{"start":{"line":44,"column":16},"end":{"line":44,"column":42}}},"6":{"name":"setQuery","line":66,"loc":{"start":{"line":66,"column":16},"end":{"line":66,"column":50}}},"7":{"name":"setBody","line":70,"loc":{"start":{"line":70,"column":16},"end":{"line":70,"column":49}}},"8":{"name":"(anonymous_8)","line":71,"loc":{"start":{"line":71,"column":34},"end":{"line":71,"column":55}}},"9":{"name":"(anonymous_9)","line":94,"loc":{"start":{"line":94,"column":30},"end":{"line":94,"column":42}}},"10":{"name":"(anonymous_10)","line":104,"loc":{"start":{"line":104,"column":7},"end":{"line":104,"column":22}}},"11":{"name":"(anonymous_11)","line":112,"loc":{"start":{"line":112,"column":13},"end":{"line":112,"column":33}}},"12":{"name":"(anonymous_12)","line":117,"loc":{"start":{"line":117,"column":20},"end":{"line":117,"column":49}}},"13":{"name":"(anonymous_13)","line":121,"loc":{"start":{"line":121,"column":17},"end":{"line":121,"column":40}}},"14":{"name":"(anonymous_14)","line":123,"loc":{"start":{"line":123,"column":24},"end":{"line":123,"column":45}}}},"statementMap":{"1":{"start":{"line":8,"column":0},"end":{"line":14,"column":72}},"2":{"start":{"line":17,"column":0},"end":{"line":17,"column":13}},"3":{"start":{"line":30,"column":0},"end":{"line":110,"column":2}},"4":{"start":{"line":31,"column":4},"end":{"line":31,"column":63}},"5":{"start":{"line":33,"column":4},"end":{"line":33,"column":36}},"6":{"start":{"line":35,"column":4},"end":{"line":109,"column":7}},"7":{"start":{"line":37,"column":12},"end":{"line":37,"column":33}},"8":{"start":{"line":40,"column":12},"end":{"line":40,"column":58}},"9":{"start":{"line":43,"column":12},"end":{"line":102,"column":19}},"10":{"start":{"line":45,"column":20},"end":{"line":45,"column":27}},"11":{"start":{"line":67,"column":20},"end":{"line":67,"column":47}},"12":{"start":{"line":68,"column":20},"end":{"line":68,"column":27}},"13":{"start":{"line":71,"column":20},"end":{"line":74,"column":23}},"14":{"start":{"line":72,"column":24},"end":{"line":72,"column":40}},"15":{"start":{"line":73,"column":24},"end":{"line":73,"column":34}},"16":{"start":{"line":100,"column":20},"end":{"line":100,"column":68}},"17":{"start":{"line":101,"column":20},"end":{"line":101,"column":40}},"18":{"start":{"line":105,"column":8},"end":{"line":107,"column":9}},"19":{"start":{"line":106,"column":12},"end":{"line":106,"column":31}},"20":{"start":{"line":108,"column":8},"end":{"line":108,"column":34}},"21":{"start":{"line":112,"column":0},"end":{"line":117,"column":0}},"22":{"start":{"line":113,"column":4},"end":{"line":113,"column":47}},"23":{"start":{"line":114,"column":4},"end":{"line":114,"column":50}},"24":{"start":{"line":117,"column":0},"end":{"line":121,"column":0}},"25":{"start":{"line":118,"column":4},"end":{"line":118,"column":40}},"26":{"start":{"line":121,"column":0},"end":{"line":129,"column":0}},"27":{"start":{"line":122,"column":4},"end":{"line":122,"column":35}},"28":{"start":{"line":123,"column":4},"end":{"line":125,"column":7}},"29":{"start":{"line":124,"column":8},"end":{"line":124,"column":30}},"30":{"start":{"line":126,"column":4},"end":{"line":126,"column":19}},"31":{"start":{"line":129,"column":0},"end":{"line":129,"column":21}}},"branchMap":{"1":{"line":100,"type":"binary-expr","locations":[{"start":{"line":100,"column":32},"end":{"line":100,"column":38}},{"start":{"line":100,"column":42},"end":{"line":100,"column":67}}]},"2":{"line":105,"type":"if","locations":[{"start":{"line":105,"column":8},"end":{"line":105,"column":8}},{"start":{"line":105,"column":8},"end":{"line":105,"column":8}}]},"3":{"line":108,"type":"binary-expr","locations":[{"start":{"line":108,"column":8},"end":{"line":108,"column":16}},{"start":{"line":108,"column":20},"end":{"line":108,"column":33}}]}}},"/Users/okuni/WebstormProjects/okunishitaka.com/app/middlewares/prerender_middleware.js":{"path":"/Users/okuni/WebstormProjects/okunishitaka.com/app/middlewares/prerender_middleware.js","s":{"1":1,"2":1,"3":1,"4":1,"5":0,"6":0,"7":0,"8":0,"9":0,"10":0,"11":0,"12":0,"13":0,"14":0,"15":0,"16":0,"17":1,"18":1,"19":2,"20":2,"21":2,"22":2,"23":2,"24":1,"25":2,"26":1,"27":2,"28":1,"29":0,"30":0,"31":0,"32":0,"33":0,"34":0,"35":0,"36":0,"37":0,"38":1,"39":1,"40":1,"41":0,"42":0,"43":0,"44":0,"45":0,"46":0,"47":0,"48":0,"49":0,"50":1,"51":0,"52":0,"53":0,"54":0,"55":1,"56":1},"b":{"1":[1,0],"2":[0,0],"3":[0,0],"4":[2,1],"5":[1,1],"6":[1,1],"7":[0,0],"8":[0,0],"9":[0,0]},"f":{"1":1,"2":0,"3":0,"4":2,"5":0,"6":0,"7":0,"8":0,"9":0,"10":1,"11":0,"12":0,"13":0,"14":0,"15":0,"16":0},"fnMap":{"1":{"name":"prerenderMiddleware","line":27,"loc":{"start":{"line":27,"column":0},"end":{"line":27,"column":38}}},"2":{"name":"prerender","line":29,"loc":{"start":{"line":29,"column":11},"end":{"line":29,"column":46}}},"3":{"name":"(anonymous_3)","line":39,"loc":{"start":{"line":39,"column":12},"end":{"line":39,"column":40}}},"4":{"name":"(anonymous_4)","line":59,"loc":{"start":{"line":59,"column":33},"end":{"line":59,"column":54}}},"5":{"name":"(anonymous_5)","line":75,"loc":{"start":{"line":75,"column":32},"end":{"line":75,"column":96}}},"6":{"name":"(anonymous_6)","line":78,"loc":{"start":{"line":78,"column":63},"end":{"line":78,"column":81}}},"7":{"name":"(anonymous_7)","line":85,"loc":{"start":{"line":85,"column":12},"end":{"line":85,"column":32}}},"8":{"name":"(anonymous_8)","line":88,"loc":{"start":{"line":88,"column":12},"end":{"line":88,"column":32}}},"9":{"name":"(anonymous_9)","line":91,"loc":{"start":{"line":91,"column":11},"end":{"line":91,"column":26}}},"10":{"name":"(anonymous_10)","line":97,"loc":{"start":{"line":97,"column":38},"end":{"line":97,"column":53}}},"11":{"name":"(anonymous_11)","line":101,"loc":{"start":{"line":101,"column":36},"end":{"line":101,"column":83}}},"12":{"name":"(anonymous_12)","line":102,"loc":{"start":{"line":102,"column":24},"end":{"line":102,"column":42}}},"13":{"name":"(anonymous_13)","line":107,"loc":{"start":{"line":107,"column":58},"end":{"line":107,"column":81}}},"14":{"name":"(anonymous_14)","line":117,"loc":{"start":{"line":117,"column":42},"end":{"line":117,"column":72}}},"15":{"name":"(anonymous_15)","line":119,"loc":{"start":{"line":119,"column":8},"end":{"line":119,"column":28}}},"16":{"name":"(anonymous_16)","line":122,"loc":{"start":{"line":122,"column":8},"end":{"line":122,"column":35}}}},"statementMap":{"1":{"start":{"line":13,"column":0},"end":{"line":24,"column":51}},"2":{"start":{"line":27,"column":0},"end":{"line":52,"column":1}},"3":{"start":{"line":28,"column":4},"end":{"line":28,"column":77}},"4":{"start":{"line":29,"column":4},"end":{"line":52,"column":0}},"5":{"start":{"line":30,"column":8},"end":{"line":30,"column":88}},"6":{"start":{"line":31,"column":8},"end":{"line":34,"column":9}},"7":{"start":{"line":32,"column":12},"end":{"line":32,"column":19}},"8":{"start":{"line":33,"column":12},"end":{"line":33,"column":19}},"9":{"start":{"line":35,"column":8},"end":{"line":50,"column":9}},"10":{"start":{"line":40,"column":16},"end":{"line":44,"column":17}},"11":{"start":{"line":41,"column":20},"end":{"line":41,"column":39}},"12":{"start":{"line":42,"column":20},"end":{"line":42,"column":27}},"13":{"start":{"line":43,"column":20},"end":{"line":43,"column":27}},"14":{"start":{"line":45,"column":16},"end":{"line":45,"column":65}},"15":{"start":{"line":46,"column":16},"end":{"line":46,"column":59}},"16":{"start":{"line":47,"column":16},"end":{"line":47,"column":59}},"17":{"start":{"line":54,"column":0},"end":{"line":59,"column":0}},"18":{"start":{"line":59,"column":0},"end":{"line":73,"column":2}},"19":{"start":{"line":60,"column":4},"end":{"line":62,"column":53}},"20":{"start":{"line":63,"column":4},"end":{"line":63,"column":39}},"21":{"start":{"line":64,"column":4},"end":{"line":64,"column":41}},"22":{"start":{"line":65,"column":4},"end":{"line":65,"column":69}},"23":{"start":{"line":66,"column":4},"end":{"line":68,"column":5}},"24":{"start":{"line":67,"column":8},"end":{"line":67,"column":62}},"25":{"start":{"line":69,"column":4},"end":{"line":71,"column":5}},"26":{"start":{"line":70,"column":8},"end":{"line":70,"column":44}},"27":{"start":{"line":72,"column":4},"end":{"line":72,"column":17}},"28":{"start":{"line":75,"column":0},"end":{"line":97,"column":0}},"29":{"start":{"line":76,"column":4},"end":{"line":77,"column":95}},"30":{"start":{"line":78,"column":4},"end":{"line":94,"column":7}},"31":{"start":{"line":79,"column":8},"end":{"line":82,"column":9}},"32":{"start":{"line":80,"column":12},"end":{"line":80,"column":37}},"33":{"start":{"line":81,"column":12},"end":{"line":81,"column":19}},"34":{"start":{"line":84,"column":8},"end":{"line":93,"column":11}},"35":{"start":{"line":86,"column":16},"end":{"line":86,"column":57}},"36":{"start":{"line":89,"column":16},"end":{"line":89,"column":66}},"37":{"start":{"line":92,"column":12},"end":{"line":92,"column":36}},"38":{"start":{"line":97,"column":0},"end":{"line":101,"column":0}},"39":{"start":{"line":98,"column":4},"end":{"line":98,"column":37}},"40":{"start":{"line":101,"column":0},"end":{"line":117,"column":0}},"41":{"start":{"line":102,"column":4},"end":{"line":114,"column":7}},"42":{"start":{"line":103,"column":8},"end":{"line":106,"column":9}},"43":{"start":{"line":104,"column":12},"end":{"line":104,"column":28}},"44":{"start":{"line":105,"column":12},"end":{"line":105,"column":19}},"45":{"start":{"line":107,"column":8},"end":{"line":114,"column":4}},"46":{"start":{"line":108,"column":12},"end":{"line":111,"column":13}},"47":{"start":{"line":109,"column":16},"end":{"line":109,"column":32}},"48":{"start":{"line":110,"column":16},"end":{"line":110,"column":23}},"49":{"start":{"line":112,"column":12},"end":{"line":112,"column":47}},"50":{"start":{"line":117,"column":0},"end":{"line":129,"column":0}},"51":{"start":{"line":118,"column":4},"end":{"line":126,"column":17}},"52":{"start":{"line":120,"column":12},"end":{"line":120,"column":40}},"53":{"start":{"line":123,"column":12},"end":{"line":123,"column":58}},"54":{"start":{"line":124,"column":12},"end":{"line":124,"column":33}},"55":{"start":{"line":129,"column":0},"end":{"line":129,"column":76}},"56":{"start":{"line":130,"column":0},"end":{"line":130,"column":37}}},"branchMap":{"1":{"line":28,"type":"binary-expr","locations":[{"start":{"line":28,"column":62},"end":{"line":28,"column":69}},{"start":{"line":28,"column":73},"end":{"line":28,"column":75}}]},"2":{"line":31,"type":"if","locations":[{"start":{"line":31,"column":8},"end":{"line":31,"column":8}},{"start":{"line":31,"column":8},"end":{"line":31,"column":8}}]},"3":{"line":40,"type":"if","locations":[{"start":{"line":40,"column":16},"end":{"line":40,"column":16}},{"start":{"line":40,"column":16},"end":{"line":40,"column":16}}]},"4":{"line":62,"type":"binary-expr","locations":[{"start":{"line":62,"column":19},"end":{"line":62,"column":46}},{"start":{"line":62,"column":50},"end":{"line":62,"column":52}}]},"5":{"line":66,"type":"if","locations":[{"start":{"line":66,"column":4},"end":{"line":66,"column":4}},{"start":{"line":66,"column":4},"end":{"line":66,"column":4}}]},"6":{"line":69,"type":"if","locations":[{"start":{"line":69,"column":4},"end":{"line":69,"column":4}},{"start":{"line":69,"column":4},"end":{"line":69,"column":4}}]},"7":{"line":79,"type":"if","locations":[{"start":{"line":79,"column":8},"end":{"line":79,"column":8}},{"start":{"line":79,"column":8},"end":{"line":79,"column":8}}]},"8":{"line":103,"type":"if","locations":[{"start":{"line":103,"column":8},"end":{"line":103,"column":8}},{"start":{"line":103,"column":8},"end":{"line":103,"column":8}}]},"9":{"line":108,"type":"if","locations":[{"start":{"line":108,"column":12},"end":{"line":108,"column":12}},{"start":{"line":108,"column":12},"end":{"line":108,"column":12}}]}}},"/Users/okuni/WebstormProjects/okunishitaka.com/app/middlewares/_should_show_prerendered_page.js":{"path":"/Users/okuni/WebstormProjects/okunishitaka.com/app/middlewares/_should_show_prerendered_page.js","s":{"1":1,"2":1,"3":0,"4":0,"5":0,"6":0,"7":0,"8":0,"9":0,"10":0,"11":0,"12":0,"13":0,"14":0,"15":0,"16":1,"17":2,"18":2,"19":2,"20":41,"21":2,"22":2,"23":2,"24":2,"25":15,"26":2},"b":{"1":[0,0],"2":[0,0],"3":[0,0],"4":[0,0],"5":[0,0],"6":[15,0]},"f":{"1":0,"2":2,"3":2,"4":41,"5":2,"6":2,"7":15,"8":2},"fnMap":{"1":{"name":"_shouldShowPrerenderedPage","line":12,"loc":{"start":{"line":12,"column":27},"end":{"line":12,"column":68}}},"2":{"name":"isGet","line":57,"loc":{"start":{"line":57,"column":11},"end":{"line":57,"column":34}}},"3":{"name":"shouldIgnore","line":60,"loc":{"start":{"line":60,"column":18},"end":{"line":60,"column":45}}},"4":{"name":"(anonymous_4)","line":62,"loc":{"start":{"line":62,"column":39},"end":{"line":62,"column":54}}},"5":{"name":"isBufferAgent","line":66,"loc":{"start":{"line":66,"column":19},"end":{"line":66,"column":51}}},"6":{"name":"isCrawler","line":69,"loc":{"start":{"line":69,"column":15},"end":{"line":69,"column":43}}},"7":{"name":"(anonymous_7)","line":72,"loc":{"start":{"line":72,"column":38},"end":{"line":72,"column":66}}},"8":{"name":"isExcapedFragment","line":76,"loc":{"start":{"line":76,"column":23},"end":{"line":76,"column":57}}}},"statementMap":{"1":{"start":{"line":7,"column":0},"end":{"line":8,"column":45}},"2":{"start":{"line":12,"column":0},"end":{"line":37,"column":0}},"3":{"start":{"line":13,"column":4},"end":{"line":13,"column":31}},"4":{"start":{"line":14,"column":4},"end":{"line":16,"column":5}},"5":{"start":{"line":15,"column":8},"end":{"line":15,"column":21}},"6":{"start":{"line":17,"column":4},"end":{"line":19,"column":5}},"7":{"start":{"line":18,"column":8},"end":{"line":18,"column":21}},"8":{"start":{"line":21,"column":4},"end":{"line":23,"column":5}},"9":{"start":{"line":22,"column":8},"end":{"line":22,"column":20}},"10":{"start":{"line":25,"column":4},"end":{"line":27,"column":5}},"11":{"start":{"line":26,"column":8},"end":{"line":26,"column":20}},"12":{"start":{"line":29,"column":4},"end":{"line":29,"column":37}},"13":{"start":{"line":30,"column":4},"end":{"line":32,"column":5}},"14":{"start":{"line":31,"column":8},"end":{"line":31,"column":20}},"15":{"start":{"line":34,"column":4},"end":{"line":34,"column":17}},"16":{"start":{"line":37,"column":0},"end":{"line":82,"column":0}},"17":{"start":{"line":58,"column":8},"end":{"line":58,"column":52}},"18":{"start":{"line":61,"column":8},"end":{"line":61,"column":71}},"19":{"start":{"line":62,"column":8},"end":{"line":64,"column":11}},"20":{"start":{"line":63,"column":12},"end":{"line":63,"column":43}},"21":{"start":{"line":67,"column":8},"end":{"line":67,"column":40}},"22":{"start":{"line":70,"column":8},"end":{"line":70,"column":46}},"23":{"start":{"line":71,"column":8},"end":{"line":71,"column":69}},"24":{"start":{"line":72,"column":8},"end":{"line":74,"column":11}},"25":{"start":{"line":73,"column":12},"end":{"line":73,"column":98}},"26":{"start":{"line":77,"column":8},"end":{"line":77,"column":58}}},"branchMap":{"1":{"line":14,"type":"if","locations":[{"start":{"line":14,"column":4},"end":{"line":14,"column":4}},{"start":{"line":14,"column":4},"end":{"line":14,"column":4}}]},"2":{"line":17,"type":"if","locations":[{"start":{"line":17,"column":4},"end":{"line":17,"column":4}},{"start":{"line":17,"column":4},"end":{"line":17,"column":4}}]},"3":{"line":21,"type":"if","locations":[{"start":{"line":21,"column":4},"end":{"line":21,"column":4}},{"start":{"line":21,"column":4},"end":{"line":21,"column":4}}]},"4":{"line":25,"type":"if","locations":[{"start":{"line":25,"column":4},"end":{"line":25,"column":4}},{"start":{"line":25,"column":4},"end":{"line":25,"column":4}}]},"5":{"line":30,"type":"if","locations":[{"start":{"line":30,"column":4},"end":{"line":30,"column":4}},{"start":{"line":30,"column":4},"end":{"line":30,"column":4}}]},"6":{"line":73,"type":"binary-expr","locations":[{"start":{"line":73,"column":20},"end":{"line":73,"column":29}},{"start":{"line":73,"column":33},"end":{"line":73,"column":35}}]}}},"/Users/okuni/WebstormProjects/okunishitaka.com/app/middlewares/_query_in_url.js":{"path":"/Users/okuni/WebstormProjects/okunishitaka.com/app/middlewares/_query_in_url.js","s":{"1":1,"2":1,"3":0,"4":1},"b":{},"f":{"1":0},"fnMap":{"1":{"name":"_queryInUrl","line":17,"loc":{"start":{"line":17,"column":0},"end":{"line":17,"column":26}}}},"statementMap":{"1":{"start":{"line":12,"column":0},"end":{"line":13,"column":18}},"2":{"start":{"line":17,"column":0},"end":{"line":19,"column":1}},"3":{"start":{"line":18,"column":4},"end":{"line":18,"column":42}},"4":{"start":{"line":21,"column":0},"end":{"line":21,"column":29}}},"branchMap":{}},"/Users/okuni/WebstormProjects/okunishitaka.com/app/utils/copy_dir.js":{"path":"/Users/okuni/WebstormProjects/okunishitaka.com/app/utils/copy_dir.js","s":{"1":1},"b":{},"f":{},"fnMap":{},"statementMap":{"1":{"start":{"line":1,"column":0},"end":{"line":1,"column":53}}},"branchMap":{}},"/Users/okuni/WebstormProjects/okunishitaka.com/app/codes/http_status_codes.js":{"path":"/Users/okuni/WebstormProjects/okunishitaka.com/app/codes/http_status_codes.js","s":{"1":1},"b":{},"f":{},"fnMap":{},"statementMap":{"1":{"start":{"line":13,"column":0},"end":{"line":21,"column":2}}},"branchMap":{}},"/Users/okuni/WebstormProjects/okunishitaka.com/app/routes/handlers/schema_handler.js":{"path":"/Users/okuni/WebstormProjects/okunishitaka.com/app/routes/handlers/schema_handler.js","s":{"1":1,"2":1,"3":1,"4":1,"5":1,"6":0,"7":0,"8":0,"9":0,"10":0,"11":0,"12":0,"13":0,"14":0,"15":1},"b":{"1":[1,0],"2":[0,0],"3":[0,0],"4":[0,0]},"f":{"1":1,"2":0,"3":0,"4":0,"5":0},"fnMap":{"1":{"name":"SchemaHandler","line":15,"loc":{"start":{"line":15,"column":0},"end":{"line":15,"column":31}}},"2":{"name":"(anonymous_2)","line":27,"loc":{"start":{"line":27,"column":14},"end":{"line":27,"column":40}}},"3":{"name":"(anonymous_3)","line":30,"loc":{"start":{"line":30,"column":12},"end":{"line":30,"column":32}}},"4":{"name":"(anonymous_4)","line":33,"loc":{"start":{"line":33,"column":12},"end":{"line":33,"column":47}}},"5":{"name":"(anonymous_5)","line":40,"loc":{"start":{"line":40,"column":11},"end":{"line":40,"column":33}}}},"statementMap":{"1":{"start":{"line":10,"column":0},"end":{"line":12,"column":20}},"2":{"start":{"line":15,"column":0},"end":{"line":18,"column":1}},"3":{"start":{"line":16,"column":4},"end":{"line":16,"column":17}},"4":{"start":{"line":17,"column":4},"end":{"line":17,"column":28}},"5":{"start":{"line":20,"column":0},"end":{"line":48,"column":0}},"6":{"start":{"line":28,"column":8},"end":{"line":28,"column":21}},"7":{"start":{"line":29,"column":8},"end":{"line":44,"column":11}},"8":{"start":{"line":31,"column":16},"end":{"line":31,"column":57}},"9":{"start":{"line":34,"column":16},"end":{"line":37,"column":17}},"10":{"start":{"line":35,"column":20},"end":{"line":35,"column":71}},"11":{"start":{"line":36,"column":20},"end":{"line":36,"column":54}},"12":{"start":{"line":38,"column":16},"end":{"line":38,"column":38}},"13":{"start":{"line":41,"column":12},"end":{"line":43,"column":13}},"14":{"start":{"line":42,"column":16},"end":{"line":42,"column":26}},"15":{"start":{"line":48,"column":0},"end":{"line":48,"column":31}}},"branchMap":{"1":{"line":17,"type":"binary-expr","locations":[{"start":{"line":17,"column":15},"end":{"line":17,"column":21}},{"start":{"line":17,"column":25},"end":{"line":17,"column":27}}]},"2":{"line":34,"type":"if","locations":[{"start":{"line":34,"column":16},"end":{"line":34,"column":16}},{"start":{"line":34,"column":16},"end":{"line":34,"column":16}}]},"3":{"line":41,"type":"if","locations":[{"start":{"line":41,"column":12},"end":{"line":41,"column":12}},{"start":{"line":41,"column":12},"end":{"line":41,"column":12}}]},"4":{"line":41,"type":"binary-expr","locations":[{"start":{"line":41,"column":16},"end":{"line":41,"column":19}},{"start":{"line":41,"column":23},"end":{"line":41,"column":28}}]}}},"/Users/okuni/WebstormProjects/okunishitaka.com/app/routes/handlers/storage_handler.js":{"path":"/Users/okuni/WebstormProjects/okunishitaka.com/app/routes/handlers/storage_handler.js","s":{"1":1,"2":1,"3":1,"4":1,"5":1,"6":0,"7":0,"8":0,"9":0,"10":0,"11":0,"12":1,"13":0,"14":0,"15":0,"16":0,"17":0,"18":0,"19":0,"20":0,"21":0,"22":0,"23":0,"24":0,"25":0,"26":0,"27":0,"28":0,"29":0,"30":0,"31":0,"32":0,"33":0,"34":0,"35":0,"36":0,"37":0,"38":0,"39":0,"40":0,"41":0,"42":0,"43":0,"44":0,"45":0,"46":0,"47":0,"48":0,"49":0,"50":0,"51":0,"52":0,"53":0,"54":0,"55":0,"56":0,"57":0,"58":0,"59":0,"60":0,"61":1},"b":{"1":[0,0],"2":[0,0],"3":[0,0],"4":[0,0],"5":[0,0],"6":[0,0],"7":[0,0],"8":[0,0],"9":[0,0],"10":[0,0],"11":[0,0],"12":[0,0],"13":[0,0],"14":[0,0],"15":[0,0],"16":[0,0]},"f":{"1":1,"2":0,"3":0,"4":0,"5":0,"6":0,"7":0,"8":0,"9":0,"10":0,"11":0,"12":0,"13":0,"14":0,"15":0,"16":0,"17":0,"18":0,"19":0,"20":0,"21":0,"22":0,"23":0,"24":0,"25":0},"fnMap":{"1":{"name":"StorageHandler","line":15,"loc":{"start":{"line":15,"column":0},"end":{"line":15,"column":33}}},"2":{"name":"(anonymous_2)","line":20,"loc":{"start":{"line":20,"column":32},"end":{"line":20,"column":56}}},"3":{"name":"(anonymous_3)","line":39,"loc":{"start":{"line":39,"column":19},"end":{"line":39,"column":45}}},"4":{"name":"(anonymous_4)","line":43,"loc":{"start":{"line":43,"column":12},"end":{"line":43,"column":32}}},"5":{"name":"(anonymous_5)","line":46,"loc":{"start":{"line":46,"column":12},"end":{"line":46,"column":38}}},"6":{"name":"(anonymous_6)","line":54,"loc":{"start":{"line":54,"column":11},"end":{"line":54,"column":33}}},"7":{"name":"(anonymous_7)","line":66,"loc":{"start":{"line":66,"column":19},"end":{"line":66,"column":45}}},"8":{"name":"(anonymous_8)","line":71,"loc":{"start":{"line":71,"column":12},"end":{"line":71,"column":32}}},"9":{"name":"(anonymous_9)","line":74,"loc":{"start":{"line":74,"column":12},"end":{"line":74,"column":38}}},"10":{"name":"(anonymous_10)","line":82,"loc":{"start":{"line":82,"column":11},"end":{"line":82,"column":33}}},"11":{"name":"(anonymous_11)","line":94,"loc":{"start":{"line":94,"column":9},"end":{"line":94,"column":35}}},"12":{"name":"(anonymous_12)","line":98,"loc":{"start":{"line":98,"column":12},"end":{"line":98,"column":32}}},"13":{"name":"(anonymous_13)","line":101,"loc":{"start":{"line":101,"column":12},"end":{"line":101,"column":38}}},"14":{"name":"(anonymous_14)","line":113,"loc":{"start":{"line":113,"column":10},"end":{"line":113,"column":36}}},"15":{"name":"(anonymous_15)","line":126,"loc":{"start":{"line":126,"column":12},"end":{"line":126,"column":32}}},"16":{"name":"(anonymous_16)","line":129,"loc":{"start":{"line":129,"column":12},"end":{"line":129,"column":38}}},"17":{"name":"(anonymous_17)","line":141,"loc":{"start":{"line":141,"column":12},"end":{"line":141,"column":38}}},"18":{"name":"(anonymous_18)","line":145,"loc":{"start":{"line":145,"column":12},"end":{"line":145,"column":32}}},"19":{"name":"(anonymous_19)","line":148,"loc":{"start":{"line":148,"column":12},"end":{"line":148,"column":38}}},"20":{"name":"(anonymous_20)","line":160,"loc":{"start":{"line":160,"column":12},"end":{"line":160,"column":38}}},"21":{"name":"(anonymous_21)","line":165,"loc":{"start":{"line":165,"column":12},"end":{"line":165,"column":32}}},"22":{"name":"(anonymous_22)","line":168,"loc":{"start":{"line":168,"column":12},"end":{"line":168,"column":38}}},"23":{"name":"(anonymous_23)","line":180,"loc":{"start":{"line":180,"column":13},"end":{"line":180,"column":39}}},"24":{"name":"(anonymous_24)","line":184,"loc":{"start":{"line":184,"column":12},"end":{"line":184,"column":32}}},"25":{"name":"(anonymous_25)","line":187,"loc":{"start":{"line":187,"column":12},"end":{"line":187,"column":38}}}},"statementMap":{"1":{"start":{"line":10,"column":0},"end":{"line":12,"column":20}},"2":{"start":{"line":15,"column":0},"end":{"line":18,"column":1}},"3":{"start":{"line":16,"column":4},"end":{"line":16,"column":17}},"4":{"start":{"line":17,"column":4},"end":{"line":17,"column":24}},"5":{"start":{"line":20,"column":0},"end":{"line":32,"column":0}},"6":{"start":{"line":21,"column":4},"end":{"line":21,"column":20}},"7":{"start":{"line":22,"column":4},"end":{"line":27,"column":5}},"8":{"start":{"line":23,"column":8},"end":{"line":23,"column":26}},"9":{"start":{"line":24,"column":8},"end":{"line":26,"column":9}},"10":{"start":{"line":25,"column":12},"end":{"line":25,"column":38}},"11":{"start":{"line":28,"column":4},"end":{"line":28,"column":18}},"12":{"start":{"line":32,"column":0},"end":{"line":193,"column":2}},"13":{"start":{"line":40,"column":8},"end":{"line":41,"column":32}},"14":{"start":{"line":42,"column":8},"end":{"line":58,"column":11}},"15":{"start":{"line":44,"column":16},"end":{"line":44,"column":44}},"16":{"start":{"line":47,"column":16},"end":{"line":47,"column":35}},"17":{"start":{"line":48,"column":16},"end":{"line":51,"column":17}},"18":{"start":{"line":49,"column":20},"end":{"line":49,"column":75}},"19":{"start":{"line":50,"column":20},"end":{"line":50,"column":78}},"20":{"start":{"line":52,"column":16},"end":{"line":52,"column":38}},"21":{"start":{"line":55,"column":12},"end":{"line":57,"column":13}},"22":{"start":{"line":56,"column":16},"end":{"line":56,"column":26}},"23":{"start":{"line":67,"column":8},"end":{"line":69,"column":30}},"24":{"start":{"line":70,"column":8},"end":{"line":86,"column":11}},"25":{"start":{"line":72,"column":16},"end":{"line":72,"column":44}},"26":{"start":{"line":75,"column":16},"end":{"line":75,"column":70}},"27":{"start":{"line":76,"column":16},"end":{"line":79,"column":17}},"28":{"start":{"line":77,"column":20},"end":{"line":77,"column":74}},"29":{"start":{"line":78,"column":20},"end":{"line":78,"column":77}},"30":{"start":{"line":80,"column":16},"end":{"line":80,"column":38}},"31":{"start":{"line":83,"column":12},"end":{"line":85,"column":13}},"32":{"start":{"line":84,"column":16},"end":{"line":84,"column":26}},"33":{"start":{"line":95,"column":8},"end":{"line":96,"column":32}},"34":{"start":{"line":97,"column":8},"end":{"line":105,"column":17}},"35":{"start":{"line":99,"column":16},"end":{"line":99,"column":44}},"36":{"start":{"line":102,"column":16},"end":{"line":102,"column":41}},"37":{"start":{"line":103,"column":16},"end":{"line":103,"column":31}},"38":{"start":{"line":114,"column":8},"end":{"line":114,"column":21}},"39":{"start":{"line":115,"column":8},"end":{"line":115,"column":32}},"40":{"start":{"line":116,"column":8},"end":{"line":125,"column":8}},"41":{"start":{"line":125,"column":8},"end":{"line":133,"column":17}},"42":{"start":{"line":127,"column":16},"end":{"line":127,"column":69}},"43":{"start":{"line":130,"column":16},"end":{"line":130,"column":41}},"44":{"start":{"line":131,"column":16},"end":{"line":131,"column":31}},"45":{"start":{"line":142,"column":8},"end":{"line":143,"column":28}},"46":{"start":{"line":144,"column":8},"end":{"line":152,"column":17}},"47":{"start":{"line":146,"column":16},"end":{"line":146,"column":49}},"48":{"start":{"line":149,"column":16},"end":{"line":149,"column":50}},"49":{"start":{"line":150,"column":16},"end":{"line":150,"column":31}},"50":{"start":{"line":161,"column":8},"end":{"line":162,"column":28}},"51":{"start":{"line":163,"column":8},"end":{"line":163,"column":48}},"52":{"start":{"line":164,"column":8},"end":{"line":172,"column":17}},"53":{"start":{"line":166,"column":16},"end":{"line":166,"column":53}},"54":{"start":{"line":169,"column":16},"end":{"line":169,"column":50}},"55":{"start":{"line":170,"column":16},"end":{"line":170,"column":31}},"56":{"start":{"line":181,"column":8},"end":{"line":182,"column":32}},"57":{"start":{"line":183,"column":8},"end":{"line":191,"column":17}},"58":{"start":{"line":185,"column":16},"end":{"line":185,"column":48}},"59":{"start":{"line":188,"column":16},"end":{"line":188,"column":50}},"60":{"start":{"line":189,"column":16},"end":{"line":189,"column":31}},"61":{"start":{"line":195,"column":0},"end":{"line":195,"column":32}}},"branchMap":{"1":{"line":24,"type":"if","locations":[{"start":{"line":24,"column":8},"end":{"line":24,"column":8}},{"start":{"line":24,"column":8},"end":{"line":24,"column":8}}]},"2":{"line":48,"type":"if","locations":[{"start":{"line":48,"column":16},"end":{"line":48,"column":16}},{"start":{"line":48,"column":16},"end":{"line":48,"column":16}}]},"3":{"line":55,"type":"if","locations":[{"start":{"line":55,"column":12},"end":{"line":55,"column":12}},{"start":{"line":55,"column":12},"end":{"line":55,"column":12}}]},"4":{"line":55,"type":"binary-expr","locations":[{"start":{"line":55,"column":16},"end":{"line":55,"column":19}},{"start":{"line":55,"column":23},"end":{"line":55,"column":28}}]},"5":{"line":75,"type":"binary-expr","locations":[{"start":{"line":75,"column":28},"end":{"line":75,"column":32}},{"start":{"line":75,"column":37},"end":{"line":75,"column":68}}]},"6":{"line":76,"type":"if","locations":[{"start":{"line":76,"column":16},"end":{"line":76,"column":16}},{"start":{"line":76,"column":16},"end":{"line":76,"column":16}}]},"7":{"line":83,"type":"if","locations":[{"start":{"line":83,"column":12},"end":{"line":83,"column":12}},{"start":{"line":83,"column":12},"end":{"line":83,"column":12}}]},"8":{"line":83,"type":"binary-expr","locations":[{"start":{"line":83,"column":16},"end":{"line":83,"column":19}},{"start":{"line":83,"column":23},"end":{"line":83,"column":28}}]},"9":{"line":102,"type":"binary-expr","locations":[{"start":{"line":102,"column":29},"end":{"line":102,"column":33}},{"start":{"line":102,"column":37},"end":{"line":102,"column":39}}]},"10":{"line":115,"type":"binary-expr","locations":[{"start":{"line":115,"column":16},"end":{"line":115,"column":25}},{"start":{"line":115,"column":29},"end":{"line":115,"column":31}}]},"11":{"line":118,"type":"binary-expr","locations":[{"start":{"line":118,"column":29},"end":{"line":118,"column":36}},{"start":{"line":118,"column":40},"end":{"line":118,"column":41}}]},"12":{"line":119,"type":"binary-expr","locations":[{"start":{"line":119,"column":30},"end":{"line":119,"column":38}},{"start":{"line":119,"column":42},"end":{"line":119,"column":50}}]},"13":{"line":122,"type":"binary-expr","locations":[{"start":{"line":122,"column":21},"end":{"line":122,"column":28}},{"start":{"line":122,"column":32},"end":{"line":122,"column":37}}]},"14":{"line":123,"type":"binary-expr","locations":[{"start":{"line":123,"column":52},"end":{"line":123,"column":62}},{"start":{"line":123,"column":66},"end":{"line":123,"column":68}}]},"15":{"line":130,"type":"binary-expr","locations":[{"start":{"line":130,"column":29},"end":{"line":130,"column":33}},{"start":{"line":130,"column":37},"end":{"line":130,"column":39}}]},"16":{"line":163,"type":"binary-expr","locations":[{"start":{"line":163,"column":17},"end":{"line":163,"column":31}},{"start":{"line":163,"column":35},"end":{"line":163,"column":47}}]}}},"/Users/okuni/WebstormProjects/okunishitaka.com/app/utils/update_query_in_url.js":{"path":"/Users/okuni/WebstormProjects/okunishitaka.com/app/utils/update_query_in_url.js","s":{"1":1,"2":1,"3":1,"4":1,"5":1,"6":1,"7":1},"b":{"1":[1,0]},"f":{"1":1},"fnMap":{"1":{"name":"updateQueryInUrl","line":16,"loc":{"start":{"line":16,"column":0},"end":{"line":16,"column":44}}}},"statementMap":{"1":{"start":{"line":11,"column":0},"end":{"line":13,"column":18}},"2":{"start":{"line":16,"column":0},"end":{"line":21,"column":1}},"3":{"start":{"line":17,"column":4},"end":{"line":17,"column":43}},"4":{"start":{"line":18,"column":4},"end":{"line":18,"column":53}},"5":{"start":{"line":19,"column":4},"end":{"line":19,"column":44}},"6":{"start":{"line":20,"column":4},"end":{"line":20,"column":62}},"7":{"start":{"line":23,"column":0},"end":{"line":23,"column":34}}},"branchMap":{"1":{"line":18,"type":"binary-expr","locations":[{"start":{"line":18,"column":31},"end":{"line":18,"column":45}},{"start":{"line":18,"column":49},"end":{"line":18,"column":51}}]}}}}