TN:
SF:/Users/okuni/WebstormProjects/okunishitaka.com/app/app_endpoints.js
FNF:0
FNH:0
DA:10,1
DA:13,1
LF:2
LH:2
BRF:0
BRH:0
end_of_record
TN:
SF:/Users/okuni/WebstormProjects/okunishitaka.com/app/routes/index.js
FN:13,(anonymous_1)
FN:14,(anonymous_2)
FN:15,(anonymous_3)
FNF:3
FNH:2
FNDA:5,(anonymous_1)
FNDA:0,(anonymous_2)
FNDA:2,(anonymous_3)
DA:12,1
DA:13,5
DA:14,0
DA:15,2
LF:4
LH:3
BRF:0
BRH:0
end_of_record
TN:
SF:/Users/okuni/WebstormProjects/okunishitaka.com/app/routes/blog_route.js
FN:24,one
FN:27,(anonymous_2)
FN:30,(anonymous_3)
FN:42,list
FN:45,(anonymous_5)
FN:58,create
FN:61,(anonymous_7)
FN:73,update
FN:76,(anonymous_9)
FN:79,(anonymous_10)
FN:82,(anonymous_11)
FN:94,destroy
FN:97,(anonymous_13)
FN:100,(anonymous_14)
FNF:14
FNH:0
FNDA:0,one
FNDA:0,(anonymous_2)
FNDA:0,(anonymous_3)
FNDA:0,list
FNDA:0,(anonymous_5)
FNDA:0,create
FNDA:0,(anonymous_7)
FNDA:0,update
FNDA:0,(anonymous_9)
FNDA:0,(anonymous_10)
FNDA:0,(anonymous_11)
FNDA:0,destroy
FNDA:0,(anonymous_13)
FNDA:0,(anonymous_14)
DA:8,1
DA:16,1
DA:24,1
DA:25,0
DA:26,0
DA:28,0
DA:31,0
DA:42,1
DA:43,0
DA:44,0
DA:46,0
DA:58,1
DA:59,0
DA:60,0
DA:62,0
DA:73,1
DA:74,0
DA:75,0
DA:77,0
DA:80,0
DA:83,0
DA:94,1
DA:95,0
DA:96,0
DA:98,0
DA:101,0
LF:26
LH:7
BRF:0
BRH:0
end_of_record
TN:
SF:/Users/okuni/WebstormProjects/okunishitaka.com/app/routes/_helper.js
FN:22,(anonymous_1)
FN:24,(anonymous_2)
FN:27,(anonymous_3)
FN:29,(anonymous_4)
FN:38,(anonymous_5)
FN:45,(anonymous_6)
FN:55,(anonymous_7)
FN:56,(anonymous_8)
FNF:8
FNH:0
FNDA:0,(anonymous_1)
FNDA:0,(anonymous_2)
FNDA:0,(anonymous_3)
FNDA:0,(anonymous_4)
FNDA:0,(anonymous_5)
FNDA:0,(anonymous_6)
FNDA:0,(anonymous_7)
FNDA:0,(anonymous_8)
DA:9,1
DA:15,1
DA:17,1
DA:18,1
DA:19,1
DA:21,1
DA:22,1
DA:23,0
DA:25,0
DA:28,0
DA:30,0
DA:32,0
DA:38,1
DA:39,0
DA:45,1
DA:46,0
DA:55,1
DA:56,0
DA:57,0
DA:58,0
DA:59,0
LF:21
LH:10
BRDA:57,1,0,0
BRDA:57,1,1,0
BRF:2
BRH:0
end_of_record
TN:
SF:/Users/okuni/WebstormProjects/okunishitaka.com/app/schemas/index.js
FNF:0
FNH:0
DA:1,1
LF:1
LH:1
BRF:0
BRH:0
end_of_record
TN:
SF:/Users/okuni/WebstormProjects/okunishitaka.com/app/schemas/schemas.js
FN:12,(anonymous_1)
FNF:1
FNH:1
FNDA:1,(anonymous_1)
DA:8,1
DA:11,1
DA:13,1
LF:3
LH:3
BRF:0
BRH:0
end_of_record
TN:
SF:/Users/okuni/WebstormProjects/okunishitaka.com/app/app_storages.js
FN:23,AppStorages
FN:32,(anonymous_2)
FN:43,(anonymous_3)
FN:46,(anonymous_4)
FN:49,(anonymous_5)
FN:57,(anonymous_6)
FN:73,(anonymous_7)
FNF:7
FNH:1
FNDA:1,AppStorages
FNDA:0,(anonymous_2)
FNDA:0,(anonymous_3)
FNDA:0,(anonymous_4)
FNDA:0,(anonymous_5)
FNDA:0,(anonymous_6)
FNDA:0,(anonymous_7)
DA:10,1
DA:23,1
DA:24,1
DA:27,1
DA:33,0
DA:34,0
DA:44,0
DA:45,0
DA:47,0
DA:50,0
DA:51,0
DA:55,0
DA:58,0
DA:73,1
DA:74,0
DA:75,0
DA:76,0
DA:83,1
LF:18
LH:6
BRF:0
BRH:0
end_of_record
TN:
SF:/Users/okuni/WebstormProjects/okunishitaka.com/app/codes/index.js
FN:9,(anonymous_1)
FNF:1
FNH:0
FNDA:0,(anonymous_1)
DA:8,1
DA:9,0
LF:2
LH:1
BRF:0
BRH:0
end_of_record
TN:
SF:/Users/okuni/WebstormProjects/okunishitaka.com/app/routes/interceptors/index.js
FN:12,(anonymous_1)
FN:13,(anonymous_2)
FNF:2
FNH:2
FNDA:2,(anonymous_1)
FNDA:2,(anonymous_2)
DA:11,1
DA:12,2
DA:13,2
LF:3
LH:3
BRF:0
BRH:0
end_of_record
TN:
SF:/Users/okuni/WebstormProjects/okunishitaka.com/app/routes/interceptors/schema_interceptor.js
FN:15,SchemaInterceptor
FN:27,(anonymous_2)
FN:30,(anonymous_3)
FN:33,(anonymous_4)
FN:40,(anonymous_5)
FNF:5
FNH:1
FNDA:1,SchemaInterceptor
FNDA:0,(anonymous_2)
FNDA:0,(anonymous_3)
FNDA:0,(anonymous_4)
FNDA:0,(anonymous_5)
DA:10,1
DA:15,1
DA:16,1
DA:17,1
DA:20,1
DA:28,0
DA:29,0
DA:31,0
DA:34,0
DA:35,0
DA:36,0
DA:38,0
DA:41,0
DA:42,0
DA:48,1
LF:15
LH:6
BRDA:17,1,0,1
BRDA:17,1,1,0
BRDA:34,2,0,0
BRDA:34,2,1,0
BRDA:41,3,0,0
BRDA:41,3,1,0
BRDA:41,4,0,0
BRDA:41,4,1,0
BRF:8
BRH:1
end_of_record
TN:
SF:/Users/okuni/WebstormProjects/okunishitaka.com/app/routes/interceptors/storage_interceptor.js
FN:15,StorageInterceptor
FN:20,(anonymous_2)
FN:39,(anonymous_3)
FN:43,(anonymous_4)
FN:46,(anonymous_5)
FN:54,(anonymous_6)
FN:66,(anonymous_7)
FN:71,(anonymous_8)
FN:74,(anonymous_9)
FN:82,(anonymous_10)
FN:94,(anonymous_11)
FN:98,(anonymous_12)
FN:101,(anonymous_13)
FN:113,(anonymous_14)
FN:126,(anonymous_15)
FN:129,(anonymous_16)
FN:141,(anonymous_17)
FN:145,(anonymous_18)
FN:148,(anonymous_19)
FN:160,(anonymous_20)
FN:165,(anonymous_21)
FN:168,(anonymous_22)
FN:180,(anonymous_23)
FN:184,(anonymous_24)
FN:187,(anonymous_25)
FNF:25
FNH:1
FNDA:1,StorageInterceptor
FNDA:0,(anonymous_2)
FNDA:0,(anonymous_3)
FNDA:0,(anonymous_4)
FNDA:0,(anonymous_5)
FNDA:0,(anonymous_6)
FNDA:0,(anonymous_7)
FNDA:0,(anonymous_8)
FNDA:0,(anonymous_9)
FNDA:0,(anonymous_10)
FNDA:0,(anonymous_11)
FNDA:0,(anonymous_12)
FNDA:0,(anonymous_13)
FNDA:0,(anonymous_14)
FNDA:0,(anonymous_15)
FNDA:0,(anonymous_16)
FNDA:0,(anonymous_17)
FNDA:0,(anonymous_18)
FNDA:0,(anonymous_19)
FNDA:0,(anonymous_20)
FNDA:0,(anonymous_21)
FNDA:0,(anonymous_22)
FNDA:0,(anonymous_23)
FNDA:0,(anonymous_24)
FNDA:0,(anonymous_25)
DA:10,1
DA:15,1
DA:16,1
DA:17,1
DA:20,1
DA:21,0
DA:22,0
DA:23,0
DA:24,0
DA:25,0
DA:28,0
DA:32,1
DA:40,0
DA:42,0
DA:44,0
DA:47,0
DA:48,0
DA:49,0
DA:50,0
DA:52,0
DA:55,0
DA:56,0
DA:67,0
DA:70,0
DA:72,0
DA:75,0
DA:76,0
DA:77,0
DA:78,0
DA:80,0
DA:83,0
DA:84,0
DA:95,0
DA:97,0
DA:99,0
DA:102,0
DA:103,0
DA:114,0
DA:115,0
DA:116,0
DA:125,0
DA:127,0
DA:130,0
DA:131,0
DA:142,0
DA:144,0
DA:146,0
DA:149,0
DA:150,0
DA:161,0
DA:163,0
DA:164,0
DA:166,0
DA:169,0
DA:170,0
DA:181,0
DA:183,0
DA:185,0
DA:188,0
DA:189,0
DA:195,1
LF:61
LH:7
BRDA:24,1,0,0
BRDA:24,1,1,0
BRDA:48,2,0,0
BRDA:48,2,1,0
BRDA:55,3,0,0
BRDA:55,3,1,0
BRDA:55,4,0,0
BRDA:55,4,1,0
BRDA:75,5,0,0
BRDA:75,5,1,0
BRDA:76,6,0,0
BRDA:76,6,1,0
BRDA:83,7,0,0
BRDA:83,7,1,0
BRDA:83,8,0,0
BRDA:83,8,1,0
BRDA:102,9,0,0
BRDA:102,9,1,0
BRDA:115,10,0,0
BRDA:115,10,1,0
BRDA:118,11,0,0
BRDA:118,11,1,0
BRDA:119,12,0,0
BRDA:119,12,1,0
BRDA:122,13,0,0
BRDA:122,13,1,0
BRDA:123,14,0,0
BRDA:123,14,1,0
BRDA:130,15,0,0
BRDA:130,15,1,0
BRDA:163,16,0,0
BRDA:163,16,1,0
BRF:32
BRH:0
end_of_record
TN:
SF:/Users/okuni/WebstormProjects/okunishitaka.com/app/routes/setting_route.js
FN:24,(anonymous_1)
FN:28,(anonymous_2)
FN:40,(anonymous_3)
FN:44,(anonymous_4)
FN:47,(anonymous_5)
FN:50,(anonymous_6)
FN:53,(anonymous_7)
FNF:7
FNH:0
FNDA:0,(anonymous_1)
FNDA:0,(anonymous_2)
FNDA:0,(anonymous_3)
FNDA:0,(anonymous_4)
FNDA:0,(anonymous_5)
FNDA:0,(anonymous_6)
FNDA:0,(anonymous_7)
DA:8,1
DA:16,1
DA:24,1
DA:25,0
DA:26,0
DA:27,0
DA:29,0
DA:40,1
DA:41,0
DA:43,0
DA:45,0
DA:48,0
DA:49,0
DA:51,0
DA:54,0
DA:55,0
DA:56,0
DA:58,0
LF:18
LH:4
BRDA:55,1,0,0
BRDA:55,1,1,0
BRF:2
BRH:0
end_of_record
TN:
SF:/Users/okuni/WebstormProjects/okunishitaka.com/app/app_settings.js
FNF:0
FNH:0
DA:8,1
DA:12,1
DA:18,1
DA:24,1
DA:30,1
DA:37,1
DA:43,1
DA:49,1
DA:55,1
LF:9
LH:9
BRF:0
BRH:0
end_of_record
TN:
SF:/Users/okuni/WebstormProjects/okunishitaka.com/app/app.js
FN:30,(anonymous_1)
FN:36,(anonymous_2)
FN:39,(anonymous_3)
FN:42,(anonymous_4)
FN:44,(anonymous_5)
FN:68,setQuery
FN:72,setBody
FN:73,(anonymous_8)
FN:96,(anonymous_9)
FN:106,(anonymous_10)
FN:114,(anonymous_11)
FN:119,(anonymous_12)
FN:123,(anonymous_13)
FN:125,(anonymous_14)
FNF:14
FNH:8
FNDA:1,(anonymous_1)
FNDA:1,(anonymous_2)
FNDA:1,(anonymous_3)
FNDA:1,(anonymous_4)
FNDA:0,(anonymous_5)
FNDA:0,setQuery
FNDA:0,setBody
FNDA:0,(anonymous_8)
FNDA:1,(anonymous_9)
FNDA:1,(anonymous_10)
FNDA:0,(anonymous_11)
FNDA:0,(anonymous_12)
FNDA:1,(anonymous_13)
FNDA:1,(anonymous_14)
DA:8,1
DA:17,1
DA:30,1
DA:31,1
DA:33,1
DA:35,1
DA:37,1
DA:40,1
DA:43,1
DA:45,0
DA:69,0
DA:70,0
DA:73,0
DA:74,0
DA:75,0
DA:102,1
DA:103,1
DA:107,1
DA:108,0
DA:110,1
DA:114,1
DA:115,0
DA:116,0
DA:119,1
DA:120,0
DA:123,1
DA:124,1
DA:125,1
DA:126,1
DA:128,1
DA:131,1
LF:31
LH:21
BRDA:102,1,0,1
BRDA:102,1,1,0
BRDA:107,2,0,0
BRDA:107,2,1,1
BRF:4
BRH:2
end_of_record
TN:
SF:/Users/okuni/WebstormProjects/okunishitaka.com/app/middlewares/prerender_middleware.js
FN:27,prerenderMiddleware
FN:29,prerender
FN:39,(anonymous_3)
FN:57,(anonymous_4)
FN:73,(anonymous_5)
FN:77,(anonymous_6)
FN:84,(anonymous_7)
FN:87,(anonymous_8)
FN:93,(anonymous_9)
FN:99,(anonymous_10)
FN:103,(anonymous_11)
FN:104,(anonymous_12)
FN:109,(anonymous_13)
FN:119,(anonymous_14)
FN:121,(anonymous_15)
FN:124,(anonymous_16)
FNF:16
FNH:3
FNDA:1,prerenderMiddleware
FNDA:0,prerender
FNDA:0,(anonymous_3)
FNDA:2,(anonymous_4)
FNDA:0,(anonymous_5)
FNDA:0,(anonymous_6)
FNDA:0,(anonymous_7)
FNDA:0,(anonymous_8)
FNDA:0,(anonymous_9)
FNDA:1,(anonymous_10)
FNDA:0,(anonymous_11)
FNDA:0,(anonymous_12)
FNDA:0,(anonymous_13)
FNDA:0,(anonymous_14)
FNDA:0,(anonymous_15)
FNDA:0,(anonymous_16)
DA:13,1
DA:27,1
DA:28,1
DA:29,1
DA:30,0
DA:31,0
DA:32,0
DA:33,0
DA:35,0
DA:40,0
DA:41,0
DA:42,0
DA:43,0
DA:45,0
DA:46,0
DA:47,0
DA:52,1
DA:57,1
DA:58,2
DA:61,2
DA:62,2
DA:63,2
DA:64,2
DA:65,1
DA:67,2
DA:68,1
DA:70,2
DA:73,1
DA:74,0
DA:77,0
DA:78,0
DA:79,0
DA:80,0
DA:83,0
DA:85,0
DA:88,0
DA:94,0
DA:99,1
DA:100,1
DA:103,1
DA:104,0
DA:105,0
DA:106,0
DA:107,0
DA:109,0
DA:110,0
DA:111,0
DA:112,0
DA:114,0
DA:119,1
DA:120,0
DA:122,0
DA:125,0
DA:126,0
DA:131,1
DA:132,1
LF:56
LH:22
BRDA:28,1,0,1
BRDA:28,1,1,0
BRDA:31,2,0,0
BRDA:31,2,1,0
BRDA:40,3,0,0
BRDA:40,3,1,0
BRDA:60,4,0,2
BRDA:60,4,1,1
BRDA:64,5,0,1
BRDA:64,5,1,1
BRDA:67,6,0,1
BRDA:67,6,1,1
BRDA:78,7,0,0
BRDA:78,7,1,0
BRDA:105,8,0,0
BRDA:105,8,1,0
BRDA:110,9,0,0
BRDA:110,9,1,0
BRF:18
BRH:7
end_of_record
TN:
SF:/Users/okuni/WebstormProjects/okunishitaka.com/app/middlewares/_should_show_prerendered_page.js
FN:12,_shouldShowPrerenderedPage
FN:57,isGet
FN:60,shouldIgnore
FN:62,(anonymous_4)
FN:66,isBufferAgent
FN:69,isCrawler
FN:72,(anonymous_7)
FN:76,isExcapedFragment
FNF:8
FNH:7
FNDA:0,_shouldShowPrerenderedPage
FNDA:2,isGet
FNDA:2,shouldIgnore
FNDA:41,(anonymous_4)
FNDA:2,isBufferAgent
FNDA:2,isCrawler
FNDA:15,(anonymous_7)
FNDA:2,isExcapedFragment
DA:7,1
DA:12,1
DA:13,0
DA:14,0
DA:15,0
DA:17,0
DA:18,0
DA:21,0
DA:22,0
DA:25,0
DA:26,0
DA:29,0
DA:30,0
DA:31,0
DA:34,0
DA:37,1
DA:58,2
DA:61,2
DA:62,2
DA:63,41
DA:67,2
DA:70,2
DA:71,2
DA:72,2
DA:73,15
DA:77,2
LF:26
LH:13
BRDA:14,1,0,0
BRDA:14,1,1,0
BRDA:17,2,0,0
BRDA:17,2,1,0
BRDA:21,3,0,0
BRDA:21,3,1,0
BRDA:25,4,0,0
BRDA:25,4,1,0
BRDA:30,5,0,0
BRDA:30,5,1,0
BRDA:73,6,0,15
BRDA:73,6,1,0
BRF:12
BRH:1
end_of_record
TN:
SF:/Users/okuni/WebstormProjects/okunishitaka.com/app/middlewares/_query_in_url.js
FN:17,_queryInUrl
FNF:1
FNH:0
FNDA:0,_queryInUrl
DA:12,1
DA:17,1
DA:18,0
DA:21,1
LF:4
LH:3
BRF:0
BRH:0
end_of_record
TN:
SF:/Users/okuni/WebstormProjects/okunishitaka.com/app/utils/exec_phantom_script.js
FN:17,execPhantomScript
FN:29,(anonymous_2)
FNF:2
FNH:0
FNDA:0,execPhantomScript
FNDA:0,(anonymous_2)
DA:13,1
DA:17,1
DA:18,0
DA:19,0
DA:20,0
DA:22,0
DA:23,0
DA:25,0
DA:26,0
DA:27,0
DA:28,0
DA:29,0
DA:30,0
DA:34,1
LF:14
LH:3
BRF:0
BRH:0
end_of_record
TN:
SF:/Users/okuni/WebstormProjects/okunishitaka.com/app/utils/copy_dir.js
FNF:0
FNH:0
DA:1,1
LF:1
LH:1
BRF:0
BRH:0
end_of_record
TN:
SF:/Users/okuni/WebstormProjects/okunishitaka.com/app/codes/http_status.js
FNF:0
FNH:0
DA:13,1
LF:1
LH:1
BRF:0
BRH:0
end_of_record
TN:
SF:/Users/okuni/WebstormProjects/okunishitaka.com/app/utils/update_query_in_url.js
FN:16,updateQueryInUrl
FNF:1
FNH:1
FNDA:1,updateQueryInUrl
DA:11,1
DA:16,1
DA:17,1
DA:18,1
DA:19,1
DA:20,1
DA:23,1
LF:7
LH:7
BRDA:18,1,0,1
BRDA:18,1,1,0
BRF:2
BRH:1
end_of_record
